Using pre-set license
Built from '2021.3/staging' branch; Version is '2021.3.7f1 (24e8595d6d43) revision 2418777'; Using compiler version '192829333'; Build Type 'Release'
OS: 'Windows 10  (10.0.19044) 64bit CoreSingleLanguage' Language: 'ru' Physical Memory: 16227 MB
BatchMode: 1, IsHumanControllingUs: 0, StartBugReporterOnCrash: 0, Is64bit: 1, IsPro: 1

COMMAND LINE ARGUMENTS:
C:\Program Files\Unity\Hub\Editor\2021.3.7f1\Editor\Unity.exe
-adb2
-batchMode
-noUpm
-name
AssetImportWorker2
-projectPath
D:/Unity/My Unity Project/2DAsteroid
-logFile
Logs/AssetImportWorker2.log
-srvPort
61146
Successfully changed project path to: D:/Unity/My Unity Project/2DAsteroid
D:/Unity/My Unity Project/2DAsteroid
[UnityMemory] Configuration Parameters - Can be set up in boot.config
    "memorysetup-bucket-allocator-granularity=16"
    "memorysetup-bucket-allocator-bucket-count=8"
    "memorysetup-bucket-allocator-block-size=33554432"
    "memorysetup-bucket-allocator-block-count=8"
    "memorysetup-main-allocator-block-size=16777216"
    "memorysetup-thread-allocator-block-size=16777216"
    "memorysetup-gfx-main-allocator-block-size=16777216"
    "memorysetup-gfx-thread-allocator-block-size=16777216"
    "memorysetup-cache-allocator-block-size=4194304"
    "memorysetup-typetree-allocator-block-size=2097152"
    "memorysetup-profiler-bucket-allocator-granularity=16"
    "memorysetup-profiler-bucket-allocator-bucket-count=8"
    "memorysetup-profiler-bucket-allocator-block-size=33554432"
    "memorysetup-profiler-bucket-allocator-block-count=8"
    "memorysetup-profiler-allocator-block-size=16777216"
    "memorysetup-profiler-editor-allocator-block-size=1048576"
    "memorysetup-temp-allocator-size-main=16777216"
    "memorysetup-job-temp-allocator-block-size=2097152"
    "memorysetup-job-temp-allocator-block-size-background=1048576"
    "memorysetup-job-temp-allocator-reduction-small-platforms=262144"
    "memorysetup-temp-allocator-size-background-worker=32768"
    "memorysetup-temp-allocator-size-job-worker=262144"
    "memorysetup-temp-allocator-size-preload-manager=33554432"
    "memorysetup-temp-allocator-size-nav-mesh-worker=65536"
    "memorysetup-temp-allocator-size-audio-worker=65536"
    "memorysetup-temp-allocator-size-cloud-worker=32768"
    "memorysetup-temp-allocator-size-gi-baking-worker=262144"
    "memorysetup-temp-allocator-size-gfx=262144"
Refreshing native plugins compatible for Editor in 119.72 ms, found 4 plugins.
Preloading 0 native plugins for Editor in 0.00 ms.
Initialize engine version: 2021.3.7f1 (24e8595d6d43)
[Subsystems] Discovering subsystems at path C:/Program Files/Unity/Hub/Editor/2021.3.7f1/Editor/Data/Resources/UnitySubsystems
[Subsystems] Discovering subsystems at path D:/Unity/My Unity Project/2DAsteroid/Assets
GfxDevice: creating device client; threaded=0; jobified=0
Direct3D:
    Version:  Direct3D 11.0 [level 11.1]
    Renderer: NVIDIA GeForce GTX 1650 Ti (ID=0x1f95)
    Vendor:   NVIDIA
    VRAM:     3962 MB
    Driver:   27.21.14.6172
Initialize mono
Mono path[0] = 'C:/Program Files/Unity/Hub/Editor/2021.3.7f1/Editor/Data/Managed'
Mono path[1] = 'C:/Program Files/Unity/Hub/Editor/2021.3.7f1/Editor/Data/MonoBleedingEdge/lib/mono/unityjit-win32'
Mono config path = 'C:/Program Files/Unity/Hub/Editor/2021.3.7f1/Editor/Data/MonoBleedingEdge/etc'
Using monoOptions --debugger-agent=transport=dt_socket,embedding=1,server=y,suspend=n,address=127.0.0.1:56464
Begin MonoManager ReloadAssembly
Registering precompiled unity dll's ...
Register platform support module: C:/Program Files/Unity/Hub/Editor/2021.3.7f1/Editor/Data/PlaybackEngines/AndroidPlayer/UnityEditor.Android.Extensions.dll
Register platform support module: C:/Program Files/Unity/Hub/Editor/2021.3.7f1/Editor/Data/PlaybackEngines/iOSSupport/UnityEditor.iOS.Extensions.dll
Register platform support module: C:/Program Files/Unity/Hub/Editor/2021.3.7f1/Editor/Data/PlaybackEngines/WindowsStandaloneSupport/UnityEditor.WindowsStandalone.Extensions.dll
Register platform support module: C:/Program Files/Unity/Hub/Editor/2021.3.7f1/Editor/Data/PlaybackEngines/MetroSupport/UnityEditor.UWP.Extensions.dll
Registered in 0.008804 seconds.
Native extension for UWP target not found
Native extension for WindowsStandalone target not found
[usbmuxd] Start listen thread
[usbmuxd] Listen thread started
[usbmuxd] Send listen message
Native extension for iOS target not found
Native extension for Android target not found
Refreshing native plugins compatible for Editor in 88.81 ms, found 4 plugins.
Preloading 0 native plugins for Editor in 0.00 ms.
Mono: successfully reloaded assembly
- Completed reload, in  0.722 seconds
Domain Reload Profiling:
	ReloadAssembly (723ms)
		BeginReloadAssembly (89ms)
			ExecutionOrderSort (0ms)
			DisableScriptedObjects (0ms)
			BackupInstance (0ms)
			ReleaseScriptingObjects (0ms)
			CreateAndSetChildDomain (1ms)
		EndReloadAssembly (489ms)
			LoadAssemblies (87ms)
			RebuildTransferFunctionScriptingTraits (0ms)
			SetupTypeCache (129ms)
			ReleaseScriptCaches (0ms)
			RebuildScriptCaches (29ms)
			SetupLoadedEditorAssemblies (277ms)
				LogAssemblyErrors (0ms)
				InitializePlatformSupportModulesInManaged (53ms)
				SetLoadedEditorAssemblies (0ms)
				RefreshPlugins (89ms)
				BeforeProcessingInitializeOnLoad (1ms)
				ProcessInitializeOnLoadAttributes (91ms)
				ProcessInitializeOnLoadMethodAttributes (43ms)
				AfterProcessingInitializeOnLoad (0ms)
				EditorAssembliesLoaded (0ms)
			ExecutionOrderSort2 (0ms)
			AwakeInstancesAfterBackupRestoration (0ms)
Platform modules already initialized, skipping
Registering precompiled user dll's ...
Registered in 0.004090 seconds.
Begin MonoManager ReloadAssembly
Symbol file LoadedFromMemory doesn't match image D:\Unity\My Unity Project\2DAsteroid\Library\PackageCache\com.unity.visualscripting@1.7.8\Editor\VisualScripting.Core\Dependencies\YamlDotNet\Unity.VisualScripting.YamlDotNet.dll
Symbol file LoadedFromMemory doesn't match image D:\Unity\My Unity Project\2DAsteroid\Library\PackageCache\com.unity.visualscripting@1.7.8\Editor\VisualScripting.Core\Dependencies\DotNetZip\Unity.VisualScripting.IonicZip.dll
Native extension for UWP target not found
Native extension for WindowsStandalone target not found
Native extension for iOS target not found
Native extension for Android target not found
Refreshing native plugins compatible for Editor in 93.51 ms, found 4 plugins.
Preloading 0 native plugins for Editor in 0.00 ms.
Mono: successfully reloaded assembly
- Completed reload, in  1.111 seconds
Domain Reload Profiling:
	ReloadAssembly (1112ms)
		BeginReloadAssembly (103ms)
			ExecutionOrderSort (0ms)
			DisableScriptedObjects (6ms)
			BackupInstance (0ms)
			ReleaseScriptingObjects (0ms)
			CreateAndSetChildDomain (17ms)
		EndReloadAssembly (891ms)
			LoadAssemblies (79ms)
			RebuildTransferFunctionScriptingTraits (0ms)
			SetupTypeCache (225ms)
			ReleaseScriptCaches (1ms)
			RebuildScriptCaches (55ms)
			SetupLoadedEditorAssemblies (489ms)
				LogAssemblyErrors (0ms)
				InitializePlatformSupportModulesInManaged (23ms)
				SetLoadedEditorAssemblies (0ms)
				RefreshPlugins (94ms)
				BeforeProcessingInitializeOnLoad (103ms)
				ProcessInitializeOnLoadAttributes (221ms)
				ProcessInitializeOnLoadMethodAttributes (39ms)
				AfterProcessingInitializeOnLoad (8ms)
				EditorAssembliesLoaded (0ms)
			ExecutionOrderSort2 (0ms)
			AwakeInstancesAfterBackupRestoration (5ms)
Platform modules already initialized, skipping
========================================================================
Worker process is ready to serve import requests
Launched and connected shader compiler UnityShaderCompiler.exe after 0.04 seconds
Refreshing native plugins compatible for Editor in 0.74 ms, found 4 plugins.
Preloading 0 native plugins for Editor in 0.00 ms.
Unloading 4066 Unused Serialized files (Serialized files now loaded: 0)
Unloading 44 unused Assets / (222.2 KB). Loaded Objects now: 4518.
Memory consumption went from 151.3 MB to 151.1 MB.
Total: 3.654200 ms (FindLiveObjects: 0.285700 ms CreateObjectMapping: 0.196000 ms MarkObjects: 3.038000 ms  DeleteObjects: 0.133700 ms)

AssetImportParameters requested are different than current active one (requested -> active):
  custom:video-decoder-ogg-theora: a1e56fd34408186e4bbccfd4996cb3dc -> 
  custom:container-muxer-webm: aa71ff27fc2769a1b78a27578f13a17b -> 
  custom:container-demuxer-webm: 4f35f7cbe854078d1ac9338744f61a02 -> 
  custom:video-encoder-webm-vp8: eb34c28f22e8b96e1ab97ce403110664 -> 
  custom:audio-encoder-webm-vorbis: bf7c407c2cedff20999df2af8eb42d56 -> 
  custom:framework-win-MediaFoundation: 216162199b28c13a410421893ffa2e32 -> 
  custom:container-demuxer-ogg: 62fdf1f143b41e24485cea50d1cbac27 -> 
  custom:video-decoder-webm-vp8: 9c59270c3fd7afecdb556c50c9e8de78 -> 
  custom:audio-decoder-ogg-vorbis: bf7c407c2cedff20999df2af8eb42d56 -> 
========================================================================
Received Import Request.
  Time since last request: 1085084.757101 seconds.
  path: Assets/2D Pixel Spaceship - Two Small Ships/Prefabs/ships/ship1.prefab
  artifactKey: Guid(401d8aca9e846254890399f66cd7de66) Importer(815301076,1909f56bfc062723c751e8b465ee728b)
Start importing Assets/2D Pixel Spaceship - Two Small Ships/Prefabs/ships/ship1.prefab using Guid(401d8aca9e846254890399f66cd7de66) Importer(815301076,1909f56bfc062723c751e8b465ee728b)  -> (artifact id: '2dc7fa20e558679a18703f948192937e') in 0.097055 seconds 
========================================================================
Received Import Request.
  Time since last request: 16.993496 seconds.
  path: Assets/2D Pixel Spaceship - Two Small Ships/Scenes/Demo.unity
  artifactKey: Guid(0477776145c31eb40a4b4a8ccd858a60) Importer(815301076,1909f56bfc062723c751e8b465ee728b)
Start importing Assets/2D Pixel Spaceship - Two Small Ships/Scenes/Demo.unity using Guid(0477776145c31eb40a4b4a8ccd858a60) Importer(815301076,1909f56bfc062723c751e8b465ee728b)  -> (artifact id: 'e7531469e5bac00eef0f719e14889313') in 0.002056 seconds 
========================================================================
Received Prepare
Registering precompiled user dll's ...
Registered in 0.003985 seconds.
Begin MonoManager ReloadAssembly
Symbol file LoadedFromMemory doesn't match image D:\Unity\My Unity Project\2DAsteroid\Library\PackageCache\com.unity.visualscripting@1.7.8\Editor\VisualScripting.Core\Dependencies\YamlDotNet\Unity.VisualScripting.YamlDotNet.dll
Symbol file LoadedFromMemory doesn't match image D:\Unity\My Unity Project\2DAsteroid\Library\PackageCache\com.unity.visualscripting@1.7.8\Editor\VisualScripting.Core\Dependencies\DotNetZip\Unity.VisualScripting.IonicZip.dll
Native extension for UWP target not found
Native extension for WindowsStandalone target not found
Native extension for iOS target not found
Native extension for Android target not found
Refreshing native plugins compatible for Editor in 0.97 ms, found 4 plugins.
Preloading 0 native plugins for Editor in 0.00 ms.
Mono: successfully reloaded assembly
- Completed reload, in  1.659 seconds
Domain Reload Profiling:
	ReloadAssembly (1660ms)
		BeginReloadAssembly (168ms)
			ExecutionOrderSort (0ms)
			DisableScriptedObjects (10ms)
			BackupInstance (0ms)
			ReleaseScriptingObjects (0ms)
			CreateAndSetChildDomain (36ms)
		EndReloadAssembly (1339ms)
			LoadAssemblies (149ms)
			RebuildTransferFunctionScriptingTraits (0ms)
			SetupTypeCache (421ms)
			ReleaseScriptCaches (3ms)
			RebuildScriptCaches (83ms)
			SetupLoadedEditorAssemblies (618ms)
				LogAssemblyErrors (0ms)
				InitializePlatformSupportModulesInManaged (51ms)
				SetLoadedEditorAssemblies (1ms)
				RefreshPlugins (1ms)
				BeforeProcessingInitializeOnLoad (123ms)
				ProcessInitializeOnLoadAttributes (365ms)
				ProcessInitializeOnLoadMethodAttributes (65ms)
				AfterProcessingInitializeOnLoad (12ms)
				EditorAssembliesLoaded (0ms)
			ExecutionOrderSort2 (0ms)
			AwakeInstancesAfterBackupRestoration (12ms)
Platform modules already initialized, skipping
Refreshing native plugins compatible for Editor in 4.21 ms, found 4 plugins.
Preloading 0 native plugins for Editor in 0.00 ms.
Unloading 4061 Unused Serialized files (Serialized files now loaded: 0)
Unloading 31 unused Assets / (189.8 KB). Loaded Objects now: 4527.
Memory consumption went from 155.6 MB to 155.5 MB.
Total: 4.418000 ms (FindLiveObjects: 0.387000 ms CreateObjectMapping: 0.521200 ms MarkObjects: 3.362100 ms  DeleteObjects: 0.146600 ms)

AssetImportParameters requested are different than current active one (requested -> active):
  custom:video-decoder-ogg-theora: a1e56fd34408186e4bbccfd4996cb3dc -> 
  custom:container-muxer-webm: aa71ff27fc2769a1b78a27578f13a17b -> 
  custom:container-demuxer-webm: 4f35f7cbe854078d1ac9338744f61a02 -> 
  custom:video-encoder-webm-vp8: eb34c28f22e8b96e1ab97ce403110664 -> 
  custom:audio-encoder-webm-vorbis: bf7c407c2cedff20999df2af8eb42d56 -> 
  custom:framework-win-MediaFoundation: 216162199b28c13a410421893ffa2e32 -> 
  custom:container-demuxer-ogg: 62fdf1f143b41e24485cea50d1cbac27 -> 
  custom:video-decoder-webm-vp8: 9c59270c3fd7afecdb556c50c9e8de78 -> 
  custom:audio-decoder-ogg-vorbis: bf7c407c2cedff20999df2af8eb42d56 -> 
========================================================================
Received Import Request.
  Time since last request: 28.819611 seconds.
  path: Assets/Scenes
  artifactKey: Guid(131a6b21c8605f84396be9f6751fb6e3) Importer(815301076,1909f56bfc062723c751e8b465ee728b)
Start importing Assets/Scenes using Guid(131a6b21c8605f84396be9f6751fb6e3) Importer(815301076,1909f56bfc062723c751e8b465ee728b)  -> (artifact id: '2c23e514d24f6b65fe96946cd87fc526') in 0.010998 seconds 
========================================================================
Received Import Request.
  Time since last request: 0.599081 seconds.
  path: Assets/Scenes/SampleScene.unity
  artifactKey: Guid(2cda990e2423bbf4892e6590ba056729) Importer(815301076,1909f56bfc062723c751e8b465ee728b)
Start importing Assets/Scenes/SampleScene.unity using Guid(2cda990e2423bbf4892e6590ba056729) Importer(815301076,1909f56bfc062723c751e8b465ee728b)  -> (artifact id: 'e24c38ded777c6eac716cf6ee885caa1') in 0.002971 seconds 
========================================================================
Received Import Request.
  Time since last request: 8.663825 seconds.
  path: Assets/2D Pixel Spaceship - Two Small Ships/Sprites/sprites.png
  artifactKey: Guid(8aeb9e233fbb8f14db39770841b78b94) Importer(815301076,1909f56bfc062723c751e8b465ee728b)
Start importing Assets/2D Pixel Spaceship - Two Small Ships/Sprites/sprites.png using Guid(8aeb9e233fbb8f14db39770841b78b94) Importer(815301076,1909f56bfc062723c751e8b465ee728b)  -> (artifact id: '38657bb0e8ec7975a3e5d01ff9ecd72f') in 0.148146 seconds 
========================================================================
Received Import Request.
  Time since last request: 10.994506 seconds.
  path: Assets/Crehera/2D Pixelart Spaceship Examples/AssetProject.unity
  artifactKey: Guid(4cca790a17c759149a91aaf3193c9ca7) Importer(815301076,1909f56bfc062723c751e8b465ee728b)
Start importing Assets/Crehera/2D Pixelart Spaceship Examples/AssetProject.unity using Guid(4cca790a17c759149a91aaf3193c9ca7) Importer(815301076,1909f56bfc062723c751e8b465ee728b)  -> (artifact id: 'ce8816ed7e0970e5cc95a00e4ac67417') in 0.001935 seconds 
========================================================================
Received Prepare
Registering precompiled user dll's ...
Registered in 0.005264 seconds.
Begin MonoManager ReloadAssembly
Symbol file LoadedFromMemory doesn't match image D:\Unity\My Unity Project\2DAsteroid\Library\PackageCache\com.unity.visualscripting@1.7.8\Editor\VisualScripting.Core\Dependencies\YamlDotNet\Unity.VisualScripting.YamlDotNet.dll
Symbol file LoadedFromMemory doesn't match image D:\Unity\My Unity Project\2DAsteroid\Library\PackageCache\com.unity.visualscripting@1.7.8\Editor\VisualScripting.Core\Dependencies\DotNetZip\Unity.VisualScripting.IonicZip.dll
Native extension for UWP target not found
Native extension for WindowsStandalone target not found
Native extension for iOS target not found
Native extension for Android target not found
Refreshing native plugins compatible for Editor in 1.78 ms, found 4 plugins.
Preloading 0 native plugins for Editor in 0.00 ms.
Mono: successfully reloaded assembly
- Completed reload, in  1.612 seconds
Domain Reload Profiling:
	ReloadAssembly (1613ms)
		BeginReloadAssembly (146ms)
			ExecutionOrderSort (0ms)
			DisableScriptedObjects (8ms)
			BackupInstance (0ms)
			ReleaseScriptingObjects (0ms)
			CreateAndSetChildDomain (41ms)
		EndReloadAssembly (1346ms)
			LoadAssemblies (125ms)
			RebuildTransferFunctionScriptingTraits (0ms)
			SetupTypeCache (424ms)
			ReleaseScriptCaches (6ms)
			RebuildScriptCaches (105ms)
			SetupLoadedEditorAssemblies (586ms)
				LogAssemblyErrors (0ms)
				InitializePlatformSupportModulesInManaged (53ms)
				SetLoadedEditorAssemblies (1ms)
				RefreshPlugins (2ms)
				BeforeProcessingInitializeOnLoad (110ms)
				ProcessInitializeOnLoadAttributes (338ms)
				ProcessInitializeOnLoadMethodAttributes (68ms)
				AfterProcessingInitializeOnLoad (13ms)
				EditorAssembliesLoaded (0ms)
			ExecutionOrderSort2 (0ms)
			AwakeInstancesAfterBackupRestoration (11ms)
Platform modules already initialized, skipping
Refreshing native plugins compatible for Editor in 4.05 ms, found 4 plugins.
Preloading 0 native plugins for Editor in 0.00 ms.
Unloading 4061 Unused Serialized files (Serialized files now loaded: 0)
Unloading 31 unused Assets / (189.7 KB). Loaded Objects now: 4555.
Memory consumption went from 155.7 MB to 155.5 MB.
Total: 5.318300 ms (FindLiveObjects: 0.510500 ms CreateObjectMapping: 0.411500 ms MarkObjects: 4.199500 ms  DeleteObjects: 0.195500 ms)

AssetImportParameters requested are different than current active one (requested -> active):
  custom:video-decoder-ogg-theora: a1e56fd34408186e4bbccfd4996cb3dc -> 
  custom:container-muxer-webm: aa71ff27fc2769a1b78a27578f13a17b -> 
  custom:container-demuxer-webm: 4f35f7cbe854078d1ac9338744f61a02 -> 
  custom:video-encoder-webm-vp8: eb34c28f22e8b96e1ab97ce403110664 -> 
  custom:audio-encoder-webm-vorbis: bf7c407c2cedff20999df2af8eb42d56 -> 
  custom:framework-win-MediaFoundation: 216162199b28c13a410421893ffa2e32 -> 
  custom:container-demuxer-ogg: 62fdf1f143b41e24485cea50d1cbac27 -> 
  custom:video-decoder-webm-vp8: 9c59270c3fd7afecdb556c50c9e8de78 -> 
  custom:audio-decoder-ogg-vorbis: bf7c407c2cedff20999df2af8eb42d56 -> 
========================================================================
Received Import Request.
  Time since last request: 23.112421 seconds.
  path: Assets/Crehera/2D Pixelart Spaceship Examples/Ship Four/PixelArtSpaceShipFour.png
  artifactKey: Guid(afc3fad27b7f1d84c8d171748e728f34) Importer(815301076,1909f56bfc062723c751e8b465ee728b)
Start importing Assets/Crehera/2D Pixelart Spaceship Examples/Ship Four/PixelArtSpaceShipFour.png using Guid(afc3fad27b7f1d84c8d171748e728f34) Importer(815301076,1909f56bfc062723c751e8b465ee728b)  -> (artifact id: 'a3e06ce2654ee4759480956964602faf') in 0.078686 seconds 
========================================================================
Received Import Request.
  Time since last request: 10.730657 seconds.
  path: Assets/Crehera/2D Pixelart Spaceship Examples/Ship Two/PixelArtSpaceShipImproved.png
  artifactKey: Guid(d0ee9c3fd0646424f8c3fcbc1c074b5c) Importer(815301076,1909f56bfc062723c751e8b465ee728b)
Start importing Assets/Crehera/2D Pixelart Spaceship Examples/Ship Two/PixelArtSpaceShipImproved.png using Guid(d0ee9c3fd0646424f8c3fcbc1c074b5c) Importer(815301076,1909f56bfc062723c751e8b465ee728b)  -> (artifact id: '1abe96f31945b21bbcff9cb7d6dd07dc') in 0.028768 seconds 
========================================================================
Received Prepare
Registering precompiled user dll's ...
Registered in 0.004462 seconds.
Begin MonoManager ReloadAssembly
Symbol file LoadedFromMemory doesn't match image D:\Unity\My Unity Project\2DAsteroid\Library\PackageCache\com.unity.visualscripting@1.7.8\Editor\VisualScripting.Core\Dependencies\YamlDotNet\Unity.VisualScripting.YamlDotNet.dll
Symbol file LoadedFromMemory doesn't match image D:\Unity\My Unity Project\2DAsteroid\Library\PackageCache\com.unity.visualscripting@1.7.8\Editor\VisualScripting.Core\Dependencies\DotNetZip\Unity.VisualScripting.IonicZip.dll
Native extension for UWP target not found
Native extension for WindowsStandalone target not found
Native extension for iOS target not found
Native extension for Android target not found
Refreshing native plugins compatible for Editor in 1.32 ms, found 4 plugins.
Preloading 0 native plugins for Editor in 0.00 ms.
Mono: successfully reloaded assembly
- Completed reload, in  1.541 seconds
Domain Reload Profiling:
	ReloadAssembly (1542ms)
		BeginReloadAssembly (140ms)
			ExecutionOrderSort (0ms)
			DisableScriptedObjects (9ms)
			BackupInstance (0ms)
			ReleaseScriptingObjects (0ms)
			CreateAndSetChildDomain (38ms)
		EndReloadAssembly (1265ms)
			LoadAssemblies (99ms)
			RebuildTransferFunctionScriptingTraits (0ms)
			SetupTypeCache (416ms)
			ReleaseScriptCaches (2ms)
			RebuildScriptCaches (70ms)
			SetupLoadedEditorAssemblies (579ms)
				LogAssemblyErrors (0ms)
				InitializePlatformSupportModulesInManaged (44ms)
				SetLoadedEditorAssemblies (1ms)
				RefreshPlugins (1ms)
				BeforeProcessingInitializeOnLoad (129ms)
				ProcessInitializeOnLoadAttributes (329ms)
				ProcessInitializeOnLoadMethodAttributes (63ms)
				AfterProcessingInitializeOnLoad (12ms)
				EditorAssembliesLoaded (0ms)
			ExecutionOrderSort2 (0ms)
			AwakeInstancesAfterBackupRestoration (12ms)
Platform modules already initialized, skipping
Refreshing native plugins compatible for Editor in 3.96 ms, found 4 plugins.
Preloading 0 native plugins for Editor in 0.00 ms.
Unloading 4061 Unused Serialized files (Serialized files now loaded: 0)
Unloading 31 unused Assets / (189.8 KB). Loaded Objects now: 4560.
Memory consumption went from 155.7 MB to 155.5 MB.
Total: 5.321000 ms (FindLiveObjects: 0.444300 ms CreateObjectMapping: 0.454800 ms MarkObjects: 4.118700 ms  DeleteObjects: 0.284300 ms)

AssetImportParameters requested are different than current active one (requested -> active):
  custom:video-decoder-ogg-theora: a1e56fd34408186e4bbccfd4996cb3dc -> 
  custom:container-muxer-webm: aa71ff27fc2769a1b78a27578f13a17b -> 
  custom:container-demuxer-webm: 4f35f7cbe854078d1ac9338744f61a02 -> 
  custom:video-encoder-webm-vp8: eb34c28f22e8b96e1ab97ce403110664 -> 
  custom:audio-encoder-webm-vorbis: bf7c407c2cedff20999df2af8eb42d56 -> 
  custom:framework-win-MediaFoundation: 216162199b28c13a410421893ffa2e32 -> 
  custom:container-demuxer-ogg: 62fdf1f143b41e24485cea50d1cbac27 -> 
  custom:video-decoder-webm-vp8: 9c59270c3fd7afecdb556c50c9e8de78 -> 
  custom:audio-decoder-ogg-vorbis: bf7c407c2cedff20999df2af8eb42d56 -> 
========================================================================
Received Import Request.
  Time since last request: 55.912047 seconds.
  path: Assets/Crehera/2D Pixelart Spaceship Examples/Ship One/PixelArtSpaceShip.png
  artifactKey: Guid(2b8dc303e0fba1a4588556f220936760) Importer(815301076,1909f56bfc062723c751e8b465ee728b)
Start importing Assets/Crehera/2D Pixelart Spaceship Examples/Ship One/PixelArtSpaceShip.png using Guid(2b8dc303e0fba1a4588556f220936760) Importer(815301076,1909f56bfc062723c751e8b465ee728b)  -> (artifact id: '5e42c22c6bb06bdd89d9285bd26ed68e') in 0.082305 seconds 
========================================================================
Received Import Request.
  Time since last request: 0.000016 seconds.
  path: Assets/Crehera/2D Pixelart Spaceship Examples/Ship One/PixelArtSpaceShipOne.prefab
  artifactKey: Guid(e092378170937ad449d2cd8208198b6e) Importer(815301076,1909f56bfc062723c751e8b465ee728b)
Start importing Assets/Crehera/2D Pixelart Spaceship Examples/Ship One/PixelArtSpaceShipOne.prefab using Guid(e092378170937ad449d2cd8208198b6e) Importer(815301076,1909f56bfc062723c751e8b465ee728b)  -> (artifact id: 'f43c0afe090e94e1a3ae9ca4e0abb2df') in 0.039075 seconds 
========================================================================
Received Import Request.
  Time since last request: 42.892274 seconds.
  path: Assets/Crehera/2D Pixelart Spaceship Examples/Ship Three/PixelArtSpaceShip3.1.png
  artifactKey: Guid(f91b26e1366cd4f4eb53c61726f37443) Importer(815301076,1909f56bfc062723c751e8b465ee728b)
Start importing Assets/Crehera/2D Pixelart Spaceship Examples/Ship Three/PixelArtSpaceShip3.1.png using Guid(f91b26e1366cd4f4eb53c61726f37443) Importer(815301076,1909f56bfc062723c751e8b465ee728b)  -> (artifact id: 'a0c0dce94f7e0e07312f17f59a9d4e67') in 0.027962 seconds 
========================================================================
Received Import Request.
  Time since last request: 0.000019 seconds.
  path: Assets/Crehera/2D Pixelart Spaceship Examples/Ship Three/PixelArtSpaceShip3.prefab
  artifactKey: Guid(5b7700cdb071f924ba4a3fa3dc1d8df8) Importer(815301076,1909f56bfc062723c751e8b465ee728b)
Start importing Assets/Crehera/2D Pixelart Spaceship Examples/Ship Three/PixelArtSpaceShip3.prefab using Guid(5b7700cdb071f924ba4a3fa3dc1d8df8) Importer(815301076,1909f56bfc062723c751e8b465ee728b)  -> (artifact id: '0675791f5a7f6f995c5a490c8ba4a3cf') in 0.012530 seconds 
========================================================================
Received Import Request.
  Time since last request: 124.413993 seconds.
  path: Assets/Crehera
  artifactKey: Guid(616ec90287afb8b4ab88e84fb4dcb903) Importer(815301076,1909f56bfc062723c751e8b465ee728b)
Start importing Assets/Crehera using Guid(616ec90287afb8b4ab88e84fb4dcb903) Importer(815301076,1909f56bfc062723c751e8b465ee728b)  -> (artifact id: 'bb1b8c7cec0698a9a8da34d7523c763a') in 0.002160 seconds 
========================================================================
Received Import Request.
  Time since last request: 2.435634 seconds.
  path: Assets
  artifactKey: Guid(00000000000000001000000000000000) Importer(815301076,1909f56bfc062723c751e8b465ee728b)
Start importing Assets using Guid(00000000000000001000000000000000) Importer(815301076,1909f56bfc062723c751e8b465ee728b)  -> (artifact id: '79842766b460edbeab6a34051e857a80') in 0.001626 seconds 
========================================================================
Received Import Request.
  Time since last request: 10.053470 seconds.
  path: Assets/Resoursec
  artifactKey: Guid(cece9fe0c0fcb314aa55eeda36d08040) Importer(815301076,1909f56bfc062723c751e8b465ee728b)
Start importing Assets/Resoursec using Guid(cece9fe0c0fcb314aa55eeda36d08040) Importer(815301076,1909f56bfc062723c751e8b465ee728b)  -> (artifact id: 'aefaf5efbab9db8111454c91fe231926') in 0.006365 seconds 
========================================================================
Received Import Request.
  Time since last request: 13.694505 seconds.
  path: Assets/Resources
  artifactKey: Guid(cece9fe0c0fcb314aa55eeda36d08040) Importer(815301076,1909f56bfc062723c751e8b465ee728b)
Start importing Assets/Resources using Guid(cece9fe0c0fcb314aa55eeda36d08040) Importer(815301076,1909f56bfc062723c751e8b465ee728b)  -> (artifact id: 'fe3fa513dea40b58eccec81836798645') in 0.001589 seconds 
========================================================================
Received Import Request.
  Time since last request: 18.031699 seconds.
  path: Assets/Resources/SpaseShips
  artifactKey: Guid(fdb71f68d86641947aba231ce6edf7f5) Importer(815301076,1909f56bfc062723c751e8b465ee728b)
Start importing Assets/Resources/SpaseShips using Guid(fdb71f68d86641947aba231ce6edf7f5) Importer(815301076,1909f56bfc062723c751e8b465ee728b)  -> (artifact id: '3f10519e4765d798602d6d2f76245b3e') in 0.003214 seconds 
========================================================================
Received Import Request.
  Time since last request: 8.360099 seconds.
  path: Assets/Resources/SpaseShips/SpaceShipFour Variant.prefab
  artifactKey: Guid(8161786ff0cf5814ebe87ff19b5ccbc4) Importer(815301076,1909f56bfc062723c751e8b465ee728b)
Start importing Assets/Resources/SpaseShips/SpaceShipFour Variant.prefab using Guid(8161786ff0cf5814ebe87ff19b5ccbc4) Importer(815301076,1909f56bfc062723c751e8b465ee728b)  -> (artifact id: 'ea93480b5fcf8de8fa75ad4333662d19') in 0.018966 seconds 
========================================================================
Received Import Request.
  Time since last request: 0.000028 seconds.
  path: Assets/Resources/SpaseShips/SpaceShipTwo Variant.prefab
  artifactKey: Guid(ac5f3b6bcf044074dac52dfa91ddfb76) Importer(815301076,1909f56bfc062723c751e8b465ee728b)
Start importing Assets/Resources/SpaseShips/SpaceShipTwo Variant.prefab using Guid(ac5f3b6bcf044074dac52dfa91ddfb76) Importer(815301076,1909f56bfc062723c751e8b465ee728b)  -> (artifact id: '14ccbe06b48355f0135ea62f86efbc27') in 0.018926 seconds 
========================================================================
Received Import Request.
  Time since last request: 5.294690 seconds.
  path: Assets/Resources/SpaseShips/SpaceShipOne Variant.prefab
  artifactKey: Guid(bdd88401bf9699b46b9ffa48cafcfc53) Importer(815301076,1909f56bfc062723c751e8b465ee728b)
Start importing Assets/Resources/SpaseShips/SpaceShipOne Variant.prefab using Guid(bdd88401bf9699b46b9ffa48cafcfc53) Importer(815301076,1909f56bfc062723c751e8b465ee728b)  -> (artifact id: 'ee6a61b1a306efd19b43e565f25ffcf8') in 0.013464 seconds 
========================================================================
Received Import Request.
  Time since last request: 282.956028 seconds.
  path: Assets/Resources/Bullets
  artifactKey: Guid(d1d17208296f6294fbd6645c416fe38d) Importer(815301076,1909f56bfc062723c751e8b465ee728b)
Start importing Assets/Resources/Bullets using Guid(d1d17208296f6294fbd6645c416fe38d) Importer(815301076,1909f56bfc062723c751e8b465ee728b)  -> (artifact id: 'b23a9111828ce7960ff409754bbdf21f') in 0.002926 seconds 
========================================================================
Received Import Request.
  Time since last request: 101.075483 seconds.
  path: Assets/Resources/Bullets/FireballBlueBig.prefab
  artifactKey: Guid(96c8f78e73d13bb45b1aff827c1f9bd9) Importer(815301076,1909f56bfc062723c751e8b465ee728b)
Start importing Assets/Resources/Bullets/FireballBlueBig.prefab using Guid(96c8f78e73d13bb45b1aff827c1f9bd9) Importer(815301076,1909f56bfc062723c751e8b465ee728b)  -> (artifact id: 'f3f47fb412e64c2f4df65fb0e66c7213') in 0.011193 seconds 
========================================================================
Received Import Request.
  Time since last request: 30.857868 seconds.
  path: Assets/Resources/Bullets/FireballBlueMed.prefab
  artifactKey: Guid(ceb8d95c3e6f2884995fcc76f77142f3) Importer(815301076,1909f56bfc062723c751e8b465ee728b)
Start importing Assets/Resources/Bullets/FireballBlueMed.prefab using Guid(ceb8d95c3e6f2884995fcc76f77142f3) Importer(815301076,1909f56bfc062723c751e8b465ee728b)  -> (artifact id: '6972ae914cace86ceff74882e458e27c') in 0.011325 seconds 
========================================================================
Received Import Request.
  Time since last request: 55.046382 seconds.
  path: Assets/Resources/Bullets/FireballBlueSmall.prefab
  artifactKey: Guid(ef915b70b11b1c04ab0839c7e96c3780) Importer(815301076,1909f56bfc062723c751e8b465ee728b)
Start importing Assets/Resources/Bullets/FireballBlueSmall.prefab using Guid(ef915b70b11b1c04ab0839c7e96c3780) Importer(815301076,1909f56bfc062723c751e8b465ee728b)  -> (artifact id: '88c3868273508f43965806530cb67d05') in 0.010013 seconds 
========================================================================
Received Import Request.
  Time since last request: 56.091508 seconds.
  path: Assets/Resources/Bullets/FireballBlueTailBig.prefab
  artifactKey: Guid(6d2dfb5ab681e27439d110eb28fb397d) Importer(815301076,1909f56bfc062723c751e8b465ee728b)
Start importing Assets/Resources/Bullets/FireballBlueTailBig.prefab using Guid(6d2dfb5ab681e27439d110eb28fb397d) Importer(815301076,1909f56bfc062723c751e8b465ee728b)  -> (artifact id: '8e4fb05d857656d979628126c9eff5d1') in 0.011664 seconds 
========================================================================
Received Import Request.
  Time since last request: 47.158696 seconds.
  path: Assets/Resources/Bullets/FireballBlueTailMed.prefab
  artifactKey: Guid(331c10b583894244fba0e99776c88c6b) Importer(815301076,1909f56bfc062723c751e8b465ee728b)
Start importing Assets/Resources/Bullets/FireballBlueTailMed.prefab using Guid(331c10b583894244fba0e99776c88c6b) Importer(815301076,1909f56bfc062723c751e8b465ee728b)  -> (artifact id: 'bacc9c7a02111d8a3facb4e925007b65') in 0.012264 seconds 
========================================================================
Received Import Request.
  Time since last request: 44.118599 seconds.
  path: Assets/Resources/Bullets/FireballBlueTailSmall.prefab
  artifactKey: Guid(b32de482f4089b441b30856d1f00a482) Importer(815301076,1909f56bfc062723c751e8b465ee728b)
Start importing Assets/Resources/Bullets/FireballBlueTailSmall.prefab using Guid(b32de482f4089b441b30856d1f00a482) Importer(815301076,1909f56bfc062723c751e8b465ee728b)  -> (artifact id: '195a9c1fa96de27ace4a582a7be42328') in 0.085191 seconds 
========================================================================
Received Import Request.
  Time since last request: 35.880269 seconds.
  path: Assets/Resources/Bullets/FireballRedBig.prefab
  artifactKey: Guid(1994b25b3db172b4893fdd6f5fdac145) Importer(815301076,1909f56bfc062723c751e8b465ee728b)
Start importing Assets/Resources/Bullets/FireballRedBig.prefab using Guid(1994b25b3db172b4893fdd6f5fdac145) Importer(815301076,1909f56bfc062723c751e8b465ee728b)  -> (artifact id: '8d9ce2ec7fee5f3ff59f663b14135b95') in 0.010670 seconds 
========================================================================
Received Import Request.
  Time since last request: 35.099125 seconds.
  path: Assets/Resources/Bullets/FireballRedMed.prefab
  artifactKey: Guid(fdee84a5f9fc7b642a4875dae60acd55) Importer(815301076,1909f56bfc062723c751e8b465ee728b)
Start importing Assets/Resources/Bullets/FireballRedMed.prefab using Guid(fdee84a5f9fc7b642a4875dae60acd55) Importer(815301076,1909f56bfc062723c751e8b465ee728b)  -> (artifact id: 'bac6916de641df1807b8f58a7e76c73f') in 0.010320 seconds 
========================================================================
Received Import Request.
  Time since last request: 62.760909 seconds.
  path: Assets/Resources/Bullets/FireballRedSmall.prefab
  artifactKey: Guid(f6c663be3e8dba349bcb3f898497075b) Importer(815301076,1909f56bfc062723c751e8b465ee728b)
Start importing Assets/Resources/Bullets/FireballRedSmall.prefab using Guid(f6c663be3e8dba349bcb3f898497075b) Importer(815301076,1909f56bfc062723c751e8b465ee728b)  -> (artifact id: '22c3a3aae729bc26f9e00298812ee8e3') in 0.022530 seconds 
========================================================================
Received Import Request.
  Time since last request: 50.719231 seconds.
  path: Assets/Resources/Bullets/FireballRedTailBig.prefab
  artifactKey: Guid(570323c90e0b2db419405bfb34745d21) Importer(815301076,1909f56bfc062723c751e8b465ee728b)
Start importing Assets/Resources/Bullets/FireballRedTailBig.prefab using Guid(570323c90e0b2db419405bfb34745d21) Importer(815301076,1909f56bfc062723c751e8b465ee728b)  -> (artifact id: '15b841aa0a96cbdbb0b082224609431d') in 0.011009 seconds 
========================================================================
Received Import Request.
  Time since last request: 60.830171 seconds.
  path: Assets/Resources/Bullets/FireballRedTailMed.prefab
  artifactKey: Guid(283f0af968511964a917ded1b0775419) Importer(815301076,1909f56bfc062723c751e8b465ee728b)
Start importing Assets/Resources/Bullets/FireballRedTailMed.prefab using Guid(283f0af968511964a917ded1b0775419) Importer(815301076,1909f56bfc062723c751e8b465ee728b)  -> (artifact id: '5ae2736f950183814e1ba26559ca6202') in 0.029831 seconds 
========================================================================
Received Import Request.
  Time since last request: 31.112115 seconds.
  path: Assets/Resources/Bullets/FireballRedTailSmall.prefab
  artifactKey: Guid(e478a4836ef547d4b9f4dd9496648b4e) Importer(815301076,1909f56bfc062723c751e8b465ee728b)
Start importing Assets/Resources/Bullets/FireballRedTailSmall.prefab using Guid(e478a4836ef547d4b9f4dd9496648b4e) Importer(815301076,1909f56bfc062723c751e8b465ee728b)  -> (artifact id: '1ab599d8426a8b0d8a7b54a7968b9a97') in 0.010988 seconds 
========================================================================
Received Import Request.
  Time since last request: 65.170889 seconds.
  path: Assets/Resources/Bullets/FireballBlueBig.prefab
  artifactKey: Guid(96c8f78e73d13bb45b1aff827c1f9bd9) Importer(815301076,1909f56bfc062723c751e8b465ee728b)
Start importing Assets/Resources/Bullets/FireballBlueBig.prefab using Guid(96c8f78e73d13bb45b1aff827c1f9bd9) Importer(815301076,1909f56bfc062723c751e8b465ee728b)  -> (artifact id: 'f251bff6657125d5a1376621d4ffbcc9') in 0.008235 seconds 
========================================================================
Received Import Request.
  Time since last request: 0.000027 seconds.
  path: Assets/Resources/Bullets/FireballBlueTailBig.prefab
  artifactKey: Guid(6d2dfb5ab681e27439d110eb28fb397d) Importer(815301076,1909f56bfc062723c751e8b465ee728b)
Start importing Assets/Resources/Bullets/FireballBlueTailBig.prefab using Guid(6d2dfb5ab681e27439d110eb28fb397d) Importer(815301076,1909f56bfc062723c751e8b465ee728b)  -> (artifact id: 'c1a0a056be84c048becec761c9c96021') in 0.004538 seconds 
========================================================================
Received Import Request.
  Time since last request: 0.000015 seconds.
  path: Assets/Resources/Bullets/FireballBlueTailMed.prefab
  artifactKey: Guid(331c10b583894244fba0e99776c88c6b) Importer(815301076,1909f56bfc062723c751e8b465ee728b)
Start importing Assets/Resources/Bullets/FireballBlueTailMed.prefab using Guid(331c10b583894244fba0e99776c88c6b) Importer(815301076,1909f56bfc062723c751e8b465ee728b)  -> (artifact id: '205ecdf93dc508cc4ed0140bb72fa5d4') in 0.007222 seconds 
========================================================================
Received Import Request.
  Time since last request: 0.000026 seconds.
  path: Assets/Resources/Bullets/FireballBlueSmall.prefab
  artifactKey: Guid(ef915b70b11b1c04ab0839c7e96c3780) Importer(815301076,1909f56bfc062723c751e8b465ee728b)
Start importing Assets/Resources/Bullets/FireballBlueSmall.prefab using Guid(ef915b70b11b1c04ab0839c7e96c3780) Importer(815301076,1909f56bfc062723c751e8b465ee728b)  -> (artifact id: '988747934c12e3f80f288574fac62ab6') in 0.007678 seconds 
========================================================================
Received Import Request.
  Time since last request: 0.000027 seconds.
  path: Assets/Resources/Bullets/FireballRedTailBig.prefab
  artifactKey: Guid(570323c90e0b2db419405bfb34745d21) Importer(815301076,1909f56bfc062723c751e8b465ee728b)
Start importing Assets/Resources/Bullets/FireballRedTailBig.prefab using Guid(570323c90e0b2db419405bfb34745d21) Importer(815301076,1909f56bfc062723c751e8b465ee728b)  -> (artifact id: '216a7ef795c32de003fb1825d8b89f03') in 0.005276 seconds 
========================================================================
Received Import Request.
  Time since last request: 0.000043 seconds.
  path: Assets/Resources/Bullets/FireballRedBig.prefab
  artifactKey: Guid(1994b25b3db172b4893fdd6f5fdac145) Importer(815301076,1909f56bfc062723c751e8b465ee728b)
Start importing Assets/Resources/Bullets/FireballRedBig.prefab using Guid(1994b25b3db172b4893fdd6f5fdac145) Importer(815301076,1909f56bfc062723c751e8b465ee728b)  -> (artifact id: 'a1c4a31047b847ceb55fd7a23ed1cf4e') in 0.006846 seconds 
========================================================================
Received Import Request.
  Time since last request: 51.583446 seconds.
  path: Assets/Resources/SpaseShips/SpaceShipFour.prefab
  artifactKey: Guid(b49165039a80e8d4eb508a8c5a6af24c) Importer(815301076,1909f56bfc062723c751e8b465ee728b)
Start importing Assets/Resources/SpaseShips/SpaceShipFour.prefab using Guid(b49165039a80e8d4eb508a8c5a6af24c) Importer(815301076,1909f56bfc062723c751e8b465ee728b)  -> (artifact id: '7ad360bcd25466ba17eb9d3f13dfe62c') in 0.013454 seconds 
========================================================================
Received Import Request.
  Time since last request: 21.889541 seconds.
  path: Assets/Resources/SpaseShips/SpaceShipOne.prefab
  artifactKey: Guid(8c1963a371df63949a8953e50930d97e) Importer(815301076,1909f56bfc062723c751e8b465ee728b)
Start importing Assets/Resources/SpaseShips/SpaceShipOne.prefab using Guid(8c1963a371df63949a8953e50930d97e) Importer(815301076,1909f56bfc062723c751e8b465ee728b)  -> (artifact id: 'e78022e58d3f8df77987b85c702032a1') in 0.023271 seconds 
========================================================================
Received Import Request.
  Time since last request: 12.896401 seconds.
  path: Assets/Resources/SpaseShips/SpaceShipThree.prefab
  artifactKey: Guid(21fdf8feadb47a1478f47d904124d507) Importer(815301076,1909f56bfc062723c751e8b465ee728b)
Start importing Assets/Resources/SpaseShips/SpaceShipThree.prefab using Guid(21fdf8feadb47a1478f47d904124d507) Importer(815301076,1909f56bfc062723c751e8b465ee728b)  -> (artifact id: 'cbbf1cc4bd3e306c4149c1921aee320a') in 0.016102 seconds 
========================================================================
Received Import Request.
  Time since last request: 13.836974 seconds.
  path: Assets/Resources/SpaseShips/SpaceShipTwo.prefab
  artifactKey: Guid(bae708ee772e8504a99edb938b504a2a) Importer(815301076,1909f56bfc062723c751e8b465ee728b)
Start importing Assets/Resources/SpaseShips/SpaceShipTwo.prefab using Guid(bae708ee772e8504a99edb938b504a2a) Importer(815301076,1909f56bfc062723c751e8b465ee728b)  -> (artifact id: 'baea31ccb0277d8d0265cec1293f7263') in 0.011896 seconds 
========================================================================
Received Import Request.
  Time since last request: 55.417894 seconds.
  path: Assets/Resources/SpaseShips/SpaceShipTwo2.prefab
  artifactKey: Guid(21fdf8feadb47a1478f47d904124d507) Importer(815301076,1909f56bfc062723c751e8b465ee728b)
Start importing Assets/Resources/SpaseShips/SpaceShipTwo2.prefab using Guid(21fdf8feadb47a1478f47d904124d507) Importer(815301076,1909f56bfc062723c751e8b465ee728b)  -> (artifact id: '74c717aa57be18cfee117c8b0ec02b65') in 0.013244 seconds 
========================================================================
Received Import Request.
  Time since last request: 14.810094 seconds.
  path: Assets/Resources/SpaseShips/SpaceShipThree.prefab
  artifactKey: Guid(bae708ee772e8504a99edb938b504a2a) Importer(815301076,1909f56bfc062723c751e8b465ee728b)
Start importing Assets/Resources/SpaseShips/SpaceShipThree.prefab using Guid(bae708ee772e8504a99edb938b504a2a) Importer(815301076,1909f56bfc062723c751e8b465ee728b)  -> (artifact id: '1e866d9e6a7d3161130e2414ca4fb893') in 0.013773 seconds 
========================================================================
Received Import Request.
  Time since last request: 7.476882 seconds.
  path: Assets/Resources/SpaseShips/SpaceShipTwo.prefab
  artifactKey: Guid(21fdf8feadb47a1478f47d904124d507) Importer(815301076,1909f56bfc062723c751e8b465ee728b)
Start importing Assets/Resources/SpaseShips/SpaceShipTwo.prefab using Guid(21fdf8feadb47a1478f47d904124d507) Importer(815301076,1909f56bfc062723c751e8b465ee728b)  -> (artifact id: '3a21e4706a7d046a46cd0b6ac8a94d8a') in 0.013766 seconds 
========================================================================
Received Import Request.
  Time since last request: 30.259812 seconds.
  path: Assets/Scripts
  artifactKey: Guid(15d36fc23b9dc5e4083b7ab78965efce) Importer(815301076,1909f56bfc062723c751e8b465ee728b)
Start importing Assets/Scripts using Guid(15d36fc23b9dc5e4083b7ab78965efce) Importer(815301076,1909f56bfc062723c751e8b465ee728b)  -> (artifact id: '047dc89067c7ec09b02f6ecda8c06b3c') in 0.002334 seconds 
========================================================================
Received Import Request.
  Time since last request: 734.719011 seconds.
  path: Assets/Resources/Bullets/sprites.png
  artifactKey: Guid(681f01dd1ddba3a4fb6ba372f2d188c4) Importer(815301076,1909f56bfc062723c751e8b465ee728b)
Start importing Assets/Resources/Bullets/sprites.png using Guid(681f01dd1ddba3a4fb6ba372f2d188c4) Importer(815301076,1909f56bfc062723c751e8b465ee728b)  -> (artifact id: 'e6cca8145a8b3fd121d61e5c79ae5e52') in 0.106163 seconds 
========================================================================
Received Import Request.
  Time since last request: 5.486238 seconds.
  path: Assets/Resources/Bullets/FireballBlueBig.prefab
  artifactKey: Guid(96c8f78e73d13bb45b1aff827c1f9bd9) Importer(815301076,1909f56bfc062723c751e8b465ee728b)
Start importing Assets/Resources/Bullets/FireballBlueBig.prefab using Guid(96c8f78e73d13bb45b1aff827c1f9bd9) Importer(815301076,1909f56bfc062723c751e8b465ee728b)  -> (artifact id: '6a06c7537a780eb55e8d34ea8a19fa88') in 0.009468 seconds 
========================================================================
Received Import Request.
  Time since last request: 5.228200 seconds.
  path: Assets/Resources/Bullets/FireballBlueMed.prefab
  artifactKey: Guid(ceb8d95c3e6f2884995fcc76f77142f3) Importer(815301076,1909f56bfc062723c751e8b465ee728b)
Start importing Assets/Resources/Bullets/FireballBlueMed.prefab using Guid(ceb8d95c3e6f2884995fcc76f77142f3) Importer(815301076,1909f56bfc062723c751e8b465ee728b)  -> (artifact id: '8a9e0087dc2023b5b48ffca60cb3ffcf') in 0.008971 seconds 
========================================================================
Received Import Request.
  Time since last request: 7.432322 seconds.
  path: Assets/Resources/Bullets/FireballBlueSmall.prefab
  artifactKey: Guid(ef915b70b11b1c04ab0839c7e96c3780) Importer(815301076,1909f56bfc062723c751e8b465ee728b)
Start importing Assets/Resources/Bullets/FireballBlueSmall.prefab using Guid(ef915b70b11b1c04ab0839c7e96c3780) Importer(815301076,1909f56bfc062723c751e8b465ee728b)  -> (artifact id: '40ad6db6c3e1cc017406c81097da37e6') in 0.009236 seconds 
========================================================================
Received Import Request.
  Time since last request: 4.873704 seconds.
  path: Assets/Resources/Bullets/FireballBlueTailBig.prefab
  artifactKey: Guid(6d2dfb5ab681e27439d110eb28fb397d) Importer(815301076,1909f56bfc062723c751e8b465ee728b)
Start importing Assets/Resources/Bullets/FireballBlueTailBig.prefab using Guid(6d2dfb5ab681e27439d110eb28fb397d) Importer(815301076,1909f56bfc062723c751e8b465ee728b)  -> (artifact id: '2e0dad0a39cc012e37b17d106711fe8c') in 0.012248 seconds 
========================================================================
Received Import Request.
  Time since last request: 2.620925 seconds.
  path: Assets/Resources/Bullets/FireballBlueTailMed.prefab
  artifactKey: Guid(331c10b583894244fba0e99776c88c6b) Importer(815301076,1909f56bfc062723c751e8b465ee728b)
Start importing Assets/Resources/Bullets/FireballBlueTailMed.prefab using Guid(331c10b583894244fba0e99776c88c6b) Importer(815301076,1909f56bfc062723c751e8b465ee728b)  -> (artifact id: 'f66c55184462778d3dcf2d2f373384e8') in 0.009652 seconds 
========================================================================
Received Import Request.
  Time since last request: 3.691307 seconds.
  path: Assets/Resources/Bullets/FireballBlueTailSmall.prefab
  artifactKey: Guid(b32de482f4089b441b30856d1f00a482) Importer(815301076,1909f56bfc062723c751e8b465ee728b)
Start importing Assets/Resources/Bullets/FireballBlueTailSmall.prefab using Guid(b32de482f4089b441b30856d1f00a482) Importer(815301076,1909f56bfc062723c751e8b465ee728b)  -> (artifact id: '4f00fb4ffbb6980b2990eae328c753f5') in 0.045481 seconds 
========================================================================
Received Import Request.
  Time since last request: 4.583376 seconds.
  path: Assets/Resources/Bullets/FireballRedBig.prefab
  artifactKey: Guid(1994b25b3db172b4893fdd6f5fdac145) Importer(815301076,1909f56bfc062723c751e8b465ee728b)
Start importing Assets/Resources/Bullets/FireballRedBig.prefab using Guid(1994b25b3db172b4893fdd6f5fdac145) Importer(815301076,1909f56bfc062723c751e8b465ee728b)  -> (artifact id: '7ef462d367c2d8a9143e986622f5318d') in 0.010276 seconds 
========================================================================
Received Import Request.
  Time since last request: 2.296173 seconds.
  path: Assets/Resources/Bullets/FireballRedMed.prefab
  artifactKey: Guid(fdee84a5f9fc7b642a4875dae60acd55) Importer(815301076,1909f56bfc062723c751e8b465ee728b)
Start importing Assets/Resources/Bullets/FireballRedMed.prefab using Guid(fdee84a5f9fc7b642a4875dae60acd55) Importer(815301076,1909f56bfc062723c751e8b465ee728b)  -> (artifact id: '60aa40de5c4237da7ad121e69afbed84') in 0.008855 seconds 
========================================================================
Received Import Request.
  Time since last request: 2.591210 seconds.
  path: Assets/Resources/Bullets/FireballRedSmall.prefab
  artifactKey: Guid(f6c663be3e8dba349bcb3f898497075b) Importer(815301076,1909f56bfc062723c751e8b465ee728b)
Start importing Assets/Resources/Bullets/FireballRedSmall.prefab using Guid(f6c663be3e8dba349bcb3f898497075b) Importer(815301076,1909f56bfc062723c751e8b465ee728b)  -> (artifact id: '22a7d2311696505f75c475513ba9ff56') in 0.012166 seconds 
========================================================================
Received Import Request.
  Time since last request: 4.652251 seconds.
  path: Assets/Resources/Bullets/FireballRedTailBig.prefab
  artifactKey: Guid(570323c90e0b2db419405bfb34745d21) Importer(815301076,1909f56bfc062723c751e8b465ee728b)
Start importing Assets/Resources/Bullets/FireballRedTailBig.prefab using Guid(570323c90e0b2db419405bfb34745d21) Importer(815301076,1909f56bfc062723c751e8b465ee728b)  -> (artifact id: '17c284814b75fa8cfbee1e87264cd249') in 0.008760 seconds 
========================================================================
Received Import Request.
  Time since last request: 3.865473 seconds.
  path: Assets/Resources/Bullets/FireballRedTailMed.prefab
  artifactKey: Guid(283f0af968511964a917ded1b0775419) Importer(815301076,1909f56bfc062723c751e8b465ee728b)
Start importing Assets/Resources/Bullets/FireballRedTailMed.prefab using Guid(283f0af968511964a917ded1b0775419) Importer(815301076,1909f56bfc062723c751e8b465ee728b)  -> (artifact id: '9f02f26952b262d6b1322b505a6edeab') in 0.010868 seconds 
========================================================================
Received Import Request.
  Time since last request: 6.881886 seconds.
  path: Assets/Resources/Bullets/FireballRedTailSmall.prefab
  artifactKey: Guid(e478a4836ef547d4b9f4dd9496648b4e) Importer(815301076,1909f56bfc062723c751e8b465ee728b)
Start importing Assets/Resources/Bullets/FireballRedTailSmall.prefab using Guid(e478a4836ef547d4b9f4dd9496648b4e) Importer(815301076,1909f56bfc062723c751e8b465ee728b)  -> (artifact id: '4e4ac7ab5eb0b436e01d23327e92b490') in 0.008422 seconds 
========================================================================
Received Import Request.
  Time since last request: 132.662351 seconds.
  path: Packages/com.unity.2d.animation/package.json
  artifactKey: Guid(9e83c20a8293f44ec8a375d3805f477d) Importer(815301076,1909f56bfc062723c751e8b465ee728b)
Start importing Packages/com.unity.2d.animation/package.json using Guid(9e83c20a8293f44ec8a375d3805f477d) Importer(815301076,1909f56bfc062723c751e8b465ee728b)  -> (artifact id: 'a966a14ca9381834e88f68828733f75e') in 0.009240 seconds 
========================================================================
Received Import Request.
  Time since last request: 3.560993 seconds.
  path: Packages/com.unity.2d.animation/Editor/Unity.2D.Animation.Editor.asmdef
  artifactKey: Guid(7e93558c536f24149a3181fbe0a14523) Importer(815301076,1909f56bfc062723c751e8b465ee728b)
Start importing Packages/com.unity.2d.animation/Editor/Unity.2D.Animation.Editor.asmdef using Guid(7e93558c536f24149a3181fbe0a14523) Importer(815301076,1909f56bfc062723c751e8b465ee728b)  -> (artifact id: '412de5316a9f9ca0b2eef2533028290c') in 0.002202 seconds 
========================================================================
Received Prepare
Registering precompiled user dll's ...
Registered in 0.003939 seconds.
Begin MonoManager ReloadAssembly
Symbol file LoadedFromMemory doesn't match image D:\Unity\My Unity Project\2DAsteroid\Library\PackageCache\com.unity.visualscripting@1.7.8\Editor\VisualScripting.Core\Dependencies\YamlDotNet\Unity.VisualScripting.YamlDotNet.dll
Symbol file LoadedFromMemory doesn't match image D:\Unity\My Unity Project\2DAsteroid\Library\PackageCache\com.unity.visualscripting@1.7.8\Editor\VisualScripting.Core\Dependencies\DotNetZip\Unity.VisualScripting.IonicZip.dll
Native extension for UWP target not found
Native extension for WindowsStandalone target not found
Native extension for iOS target not found
Native extension for Android target not found
Refreshing native plugins compatible for Editor in 0.96 ms, found 4 plugins.
Preloading 0 native plugins for Editor in 0.00 ms.
Mono: successfully reloaded assembly
- Completed reload, in  1.035 seconds
Domain Reload Profiling:
	ReloadAssembly (1035ms)
		BeginReloadAssembly (139ms)
			ExecutionOrderSort (0ms)
			DisableScriptedObjects (7ms)
			BackupInstance (0ms)
			ReleaseScriptingObjects (0ms)
			CreateAndSetChildDomain (40ms)
		EndReloadAssembly (792ms)
			LoadAssemblies (92ms)
			RebuildTransferFunctionScriptingTraits (0ms)
			SetupTypeCache (251ms)
			ReleaseScriptCaches (1ms)
			RebuildScriptCaches (47ms)
			SetupLoadedEditorAssemblies (362ms)
				LogAssemblyErrors (0ms)
				InitializePlatformSupportModulesInManaged (34ms)
				SetLoadedEditorAssemblies (0ms)
				RefreshPlugins (1ms)
				BeforeProcessingInitializeOnLoad (85ms)
				ProcessInitializeOnLoadAttributes (197ms)
				ProcessInitializeOnLoadMethodAttributes (36ms)
				AfterProcessingInitializeOnLoad (8ms)
				EditorAssembliesLoaded (0ms)
			ExecutionOrderSort2 (0ms)
			AwakeInstancesAfterBackupRestoration (9ms)
Platform modules already initialized, skipping
Refreshing native plugins compatible for Editor in 1.90 ms, found 4 plugins.
Preloading 0 native plugins for Editor in 0.00 ms.
Unloading 4108 Unused Serialized files (Serialized files now loaded: 0)
Unloading 44 unused Assets / (0.8 MB). Loaded Objects now: 4597.
Memory consumption went from 158.9 MB to 158.1 MB.
Total: 3.544400 ms (FindLiveObjects: 0.329600 ms CreateObjectMapping: 0.301300 ms MarkObjects: 2.527700 ms  DeleteObjects: 0.385100 ms)

AssetImportParameters requested are different than current active one (requested -> active):
  custom:video-decoder-ogg-theora: a1e56fd34408186e4bbccfd4996cb3dc -> 
  custom:container-muxer-webm: aa71ff27fc2769a1b78a27578f13a17b -> 
  custom:container-demuxer-webm: 4f35f7cbe854078d1ac9338744f61a02 -> 
  custom:video-encoder-webm-vp8: eb34c28f22e8b96e1ab97ce403110664 -> 
  custom:audio-encoder-webm-vorbis: bf7c407c2cedff20999df2af8eb42d56 -> 
  custom:framework-win-MediaFoundation: 216162199b28c13a410421893ffa2e32 -> 
  custom:container-demuxer-ogg: 62fdf1f143b41e24485cea50d1cbac27 -> 
  custom:video-decoder-webm-vp8: 9c59270c3fd7afecdb556c50c9e8de78 -> 
  custom:audio-decoder-ogg-vorbis: bf7c407c2cedff20999df2af8eb42d56 -> 
========================================================================
Received Import Request.
  Time since last request: 218.106216 seconds.
  path: Assets/TextMesh Pro/Resources/TMP Settings.asset
  artifactKey: Guid(3f5b5dff67a942289a9defa416b206f3) Importer(815301076,1909f56bfc062723c751e8b465ee728b)
Start importing Assets/TextMesh Pro/Resources/TMP Settings.asset using Guid(3f5b5dff67a942289a9defa416b206f3) Importer(815301076,1909f56bfc062723c751e8b465ee728b)  -> (artifact id: '7d39d3b365ae06f4a5d582e5614ba55e') in 0.047519 seconds 
========================================================================
Received Import Request.
  Time since last request: 1.079794 seconds.
  path: Assets/TextMesh Pro/Shaders/TMPro.cginc
  artifactKey: Guid(407bc68d299748449bbf7f48ee690f8d) Importer(815301076,1909f56bfc062723c751e8b465ee728b)
Start importing Assets/TextMesh Pro/Shaders/TMPro.cginc using Guid(407bc68d299748449bbf7f48ee690f8d) Importer(815301076,1909f56bfc062723c751e8b465ee728b)  -> (artifact id: '9166bc1abaeb281fc6783cc3fe76c458') in 0.009655 seconds 
========================================================================
Received Import Request.
  Time since last request: 0.000020 seconds.
  path: Assets/TextMesh Pro/Shaders/TMPro_Surface.cginc
  artifactKey: Guid(d930090c0cd643c7b55f19a38538c162) Importer(815301076,1909f56bfc062723c751e8b465ee728b)
Start importing Assets/TextMesh Pro/Shaders/TMPro_Surface.cginc using Guid(d930090c0cd643c7b55f19a38538c162) Importer(815301076,1909f56bfc062723c751e8b465ee728b)  -> (artifact id: '0b707fb793fd60a56581099cf81a197e') in 0.003573 seconds 
========================================================================
Received Import Request.
  Time since last request: 0.000018 seconds.
  path: Assets/TextMesh Pro/Shaders/TMPro_Properties.cginc
  artifactKey: Guid(3997e2241185407d80309a82f9148466) Importer(815301076,1909f56bfc062723c751e8b465ee728b)
Start importing Assets/TextMesh Pro/Shaders/TMPro_Properties.cginc using Guid(3997e2241185407d80309a82f9148466) Importer(815301076,1909f56bfc062723c751e8b465ee728b)  -> (artifact id: '7506c69260bf7c1cdf33a8f62db534a1') in 0.001614 seconds 
========================================================================
Received Import Request.
  Time since last request: 0.870559 seconds.
  path: Assets/TextMesh Pro/Sprites/EmojiOne.png
  artifactKey: Guid(dffef66376be4fa480fb02b19edbe903) Importer(815301076,1909f56bfc062723c751e8b465ee728b)
Start importing Assets/TextMesh Pro/Sprites/EmojiOne.png using Guid(dffef66376be4fa480fb02b19edbe903) Importer(815301076,1909f56bfc062723c751e8b465ee728b)  -> (artifact id: '3fa7e35e7708e32617ab4555a5c07f27') in 0.031921 seconds 
========================================================================
Received Import Request.
  Time since last request: 1334.374719 seconds.
  path: Assets/2D pixel asteroids/Prefabs/AsterBig1.prefab
  artifactKey: Guid(18bb600265b4a4a4fa29f69b9f5b8404) Importer(815301076,1909f56bfc062723c751e8b465ee728b)
Start importing Assets/2D pixel asteroids/Prefabs/AsterBig1.prefab using Guid(18bb600265b4a4a4fa29f69b9f5b8404) Importer(815301076,1909f56bfc062723c751e8b465ee728b)  -> (artifact id: '0c894ef1141469a38a450e315941e4d5') in 0.049256 seconds 
========================================================================
Received Import Request.
  Time since last request: 0.000016 seconds.
  path: Assets/2D pixel asteroids/Prefabs/AsterSmall2.prefab
  artifactKey: Guid(df633265b44cbf44eae676819a0f1900) Importer(815301076,1909f56bfc062723c751e8b465ee728b)
Start importing Assets/2D pixel asteroids/Prefabs/AsterSmall2.prefab using Guid(df633265b44cbf44eae676819a0f1900) Importer(815301076,1909f56bfc062723c751e8b465ee728b)  -> (artifact id: '1469e4c73aee2de87c30ea37caf8228a') in 0.011043 seconds 
========================================================================
Received Import Request.
  Time since last request: 0.000026 seconds.
  path: Assets/2D pixel asteroids/Prefabs/AsterSmall6.prefab
  artifactKey: Guid(73d0578dde8635c4db633cbe78f8af97) Importer(815301076,1909f56bfc062723c751e8b465ee728b)
Start importing Assets/2D pixel asteroids/Prefabs/AsterSmall6.prefab using Guid(73d0578dde8635c4db633cbe78f8af97) Importer(815301076,1909f56bfc062723c751e8b465ee728b)  -> (artifact id: '52a46bef2626af3c58c23eeb5cd534d0') in 0.011064 seconds 
========================================================================
Received Import Request.
  Time since last request: 0.000020 seconds.
  path: Assets/2D pixel asteroids/Prefabs/AsterHuge1.prefab
  artifactKey: Guid(a928b6b7e9852c6429b1e3022b0ca7ed) Importer(815301076,1909f56bfc062723c751e8b465ee728b)
Start importing Assets/2D pixel asteroids/Prefabs/AsterHuge1.prefab using Guid(a928b6b7e9852c6429b1e3022b0ca7ed) Importer(815301076,1909f56bfc062723c751e8b465ee728b)  -> (artifact id: '64d6ecc1bc85d8c5abd22fcf67344262') in 0.020444 seconds 
========================================================================
Received Import Request.
  Time since last request: 0.000028 seconds.
  path: Assets/2D pixel asteroids/Prefabs/AsterBig4.prefab
  artifactKey: Guid(0d18f1a7832f6a44fa77efb30bde703e) Importer(815301076,1909f56bfc062723c751e8b465ee728b)
Start importing Assets/2D pixel asteroids/Prefabs/AsterBig4.prefab using Guid(0d18f1a7832f6a44fa77efb30bde703e) Importer(815301076,1909f56bfc062723c751e8b465ee728b)  -> (artifact id: 'dcf383b1d8ee5520e6e577157f7bec1e') in 0.017774 seconds 
========================================================================
Received Import Request.
  Time since last request: 0.000032 seconds.
  path: Assets/2D pixel asteroids/Prefabs/AsterHuge3.prefab
  artifactKey: Guid(46fd36c0039a3de4e8a017dd1652a1c9) Importer(815301076,1909f56bfc062723c751e8b465ee728b)
Start importing Assets/2D pixel asteroids/Prefabs/AsterHuge3.prefab using Guid(46fd36c0039a3de4e8a017dd1652a1c9) Importer(815301076,1909f56bfc062723c751e8b465ee728b)  -> (artifact id: 'bc1f106d3bb2736f3685d3a084807f20') in 0.019789 seconds 
========================================================================
Received Import Request.
  Time since last request: 0.000034 seconds.
  path: Assets/2D pixel asteroids/Prefabs/AsterSmall4.prefab
  artifactKey: Guid(04d0e694d442538469994e2367f412b4) Importer(815301076,1909f56bfc062723c751e8b465ee728b)
Start importing Assets/2D pixel asteroids/Prefabs/AsterSmall4.prefab using Guid(04d0e694d442538469994e2367f412b4) Importer(815301076,1909f56bfc062723c751e8b465ee728b)  -> (artifact id: 'e2ac9d289ba4b5cf391e7b2ae336775d') in 0.020972 seconds 
========================================================================
Received Import Request.
  Time since last request: 0.000025 seconds.
  path: Assets/2D pixel asteroids/Prefabs/AsterSmall5.prefab
  artifactKey: Guid(7e73d8cc1e09492498f76df02fb52fbf) Importer(815301076,1909f56bfc062723c751e8b465ee728b)
Start importing Assets/2D pixel asteroids/Prefabs/AsterSmall5.prefab using Guid(7e73d8cc1e09492498f76df02fb52fbf) Importer(815301076,1909f56bfc062723c751e8b465ee728b)  -> (artifact id: '7e12d8e233c315071887a98ef20f9b32') in 0.014857 seconds 
========================================================================
Received Import Request.
  Time since last request: 0.000059 seconds.
  path: Assets/2D pixel asteroids/Prefabs/AsterMed2.prefab
  artifactKey: Guid(a605a9cb8e6a23444baef3434392fdb5) Importer(815301076,1909f56bfc062723c751e8b465ee728b)
Start importing Assets/2D pixel asteroids/Prefabs/AsterMed2.prefab using Guid(a605a9cb8e6a23444baef3434392fdb5) Importer(815301076,1909f56bfc062723c751e8b465ee728b)  -> (artifact id: '1dbd98c6bb804ac7c587a56ef5e9d876') in 0.014087 seconds 
========================================================================
Received Import Request.
  Time since last request: 0.000051 seconds.
  path: Assets/2D pixel asteroids/Prefabs/AsterMed5.prefab
  artifactKey: Guid(65ee5b4a801d6d44eb112962bd3246e2) Importer(815301076,1909f56bfc062723c751e8b465ee728b)
Start importing Assets/2D pixel asteroids/Prefabs/AsterMed5.prefab using Guid(65ee5b4a801d6d44eb112962bd3246e2) Importer(815301076,1909f56bfc062723c751e8b465ee728b)  -> (artifact id: '222f87799e5351a70071c1b57dc88d3c') in 0.015187 seconds 
========================================================================
Received Import Request.
  Time since last request: 2.987032 seconds.
  path: Assets/2D pixel asteroids/Sprites/asteroids.png
  artifactKey: Guid(1bd6c74c058d5f143a391104c445e845) Importer(815301076,1909f56bfc062723c751e8b465ee728b)
Start importing Assets/2D pixel asteroids/Sprites/asteroids.png using Guid(1bd6c74c058d5f143a391104c445e845) Importer(815301076,1909f56bfc062723c751e8b465ee728b)  -> (artifact id: 'dfc01feb6f80bdbff34a885f6f6ec0e1') in 0.096522 seconds 
========================================================================
Received Import Request.
  Time since last request: 236.040391 seconds.
  path: Assets/Resources/Enemy/AsterBig3.prefab
  artifactKey: Guid(39ab590cfe9bfd742a77d71a0a9ee3f3) Importer(815301076,1909f56bfc062723c751e8b465ee728b)
Start importing Assets/Resources/Enemy/AsterBig3.prefab using Guid(39ab590cfe9bfd742a77d71a0a9ee3f3) Importer(815301076,1909f56bfc062723c751e8b465ee728b)  -> (artifact id: '7b75ed8c557cb9521c7664f93fb5754a') in 0.014023 seconds 
========================================================================
Received Import Request.
  Time since last request: 0.000017 seconds.
  path: Assets/Resources/Enemy/AsterMed3.prefab
  artifactKey: Guid(f9de71f1045df92429fba585b4346660) Importer(815301076,1909f56bfc062723c751e8b465ee728b)
Start importing Assets/Resources/Enemy/AsterMed3.prefab using Guid(f9de71f1045df92429fba585b4346660) Importer(815301076,1909f56bfc062723c751e8b465ee728b)  -> (artifact id: 'e17f188540a6b66db11afc1da11e9c4c') in 0.009827 seconds 
========================================================================
Received Import Request.
  Time since last request: 0.000027 seconds.
  path: Assets/Resources/Enemy/AsterSmall3.prefab
  artifactKey: Guid(9cdc2916f7ceefe4a87b29b3139598c3) Importer(815301076,1909f56bfc062723c751e8b465ee728b)
Start importing Assets/Resources/Enemy/AsterSmall3.prefab using Guid(9cdc2916f7ceefe4a87b29b3139598c3) Importer(815301076,1909f56bfc062723c751e8b465ee728b)  -> (artifact id: '886dcd0b1f85a9dc04a17d99c8eaa760') in 0.010765 seconds 
========================================================================
Received Import Request.
  Time since last request: 0.000019 seconds.
  path: Assets/Resources/Enemy/AsterSmall1.prefab
  artifactKey: Guid(c2822077d49c1584fa8fa682ca8e6875) Importer(815301076,1909f56bfc062723c751e8b465ee728b)
Start importing Assets/Resources/Enemy/AsterSmall1.prefab using Guid(c2822077d49c1584fa8fa682ca8e6875) Importer(815301076,1909f56bfc062723c751e8b465ee728b)  -> (artifact id: 'ab2579b05de6b97708e77b1de6da1e0d') in 0.013297 seconds 
========================================================================
Received Import Request.
  Time since last request: 0.000027 seconds.
  path: Assets/Resources/Enemy/AsterMed2.prefab
  artifactKey: Guid(cb96175cd8e0ffd40a3fa21c746c1d40) Importer(815301076,1909f56bfc062723c751e8b465ee728b)
Start importing Assets/Resources/Enemy/AsterMed2.prefab using Guid(cb96175cd8e0ffd40a3fa21c746c1d40) Importer(815301076,1909f56bfc062723c751e8b465ee728b)  -> (artifact id: 'a2f34aa42bbf42bfe513d6af4a187d42') in 0.011280 seconds 
========================================================================
Received Import Request.
  Time since last request: 0.000020 seconds.
  path: Assets/Resources/Enemy/AsterSmall4.prefab
  artifactKey: Guid(5cdc3f91c6d5b9f4e86e3579e487e342) Importer(815301076,1909f56bfc062723c751e8b465ee728b)
Start importing Assets/Resources/Enemy/AsterSmall4.prefab using Guid(5cdc3f91c6d5b9f4e86e3579e487e342) Importer(815301076,1909f56bfc062723c751e8b465ee728b)  -> (artifact id: '427677700c3522fef4b27777f439efbf') in 0.015991 seconds 
========================================================================
Received Import Request.
  Time since last request: 0.000038 seconds.
  path: Assets/Resources/Enemy/AsterMed4.prefab
  artifactKey: Guid(7974401d0e317354aa9757f2b15a64c7) Importer(815301076,1909f56bfc062723c751e8b465ee728b)
Start importing Assets/Resources/Enemy/AsterMed4.prefab using Guid(7974401d0e317354aa9757f2b15a64c7) Importer(815301076,1909f56bfc062723c751e8b465ee728b)  -> (artifact id: 'f5014a651276f586a8671bc96c793a88') in 0.017882 seconds 
========================================================================
Received Import Request.
  Time since last request: 0.000028 seconds.
  path: Assets/Resources/Enemy/AsterSmall2.prefab
  artifactKey: Guid(49fceda95fa5daa40baaadff974df44a) Importer(815301076,1909f56bfc062723c751e8b465ee728b)
Start importing Assets/Resources/Enemy/AsterSmall2.prefab using Guid(49fceda95fa5daa40baaadff974df44a) Importer(815301076,1909f56bfc062723c751e8b465ee728b)  -> (artifact id: '67807fd88c07b6d84fb0fad082b576b9') in 0.020933 seconds 
Editor requested this worker to shutdown with reason: Scaling down because of idle timeout
AssetImportWorker is now disconnected from the server
Process exiting
Exiting without the bug reporter. Application will terminate with return code 0